Using pre-set license
Built from '2021.3/staging' branch; Version is '2021.3.10f1 (1c7d0df0160b) revision 1867021'; Using compiler version '192829333'; Build Type 'Release'
OS: 'Windows 10  (10.0.19044) 64bit Professional' Language: 'en' Physical Memory: 15835 MB
BatchMode: 1, IsHumanControllingUs: 0, StartBugReporterOnCrash: 0, Is64bit: 1, IsPro: 1

COMMAND LINE ARGUMENTS:
C:\Program Files\Unity\Hub\Editor\2021.3.10f1\Editor\Unity.exe
-adb2
-batchMode
-noUpm
-name
AssetImportWorker2
-projectPath
C:/Users/Kadzahk/My project
-logFile
Logs/AssetImportWorker2.log
-srvPort
65359
Successfully changed project path to: C:/Users/Kadzahk/My project
C:/Users/Kadzahk/My project
[UnityMemory] Configuration Parameters - Can be set up in boot.config
    "memorysetup-bucket-allocator-granularity=16"
    "memorysetup-bucket-allocator-bucket-count=8"
    "memorysetup-bucket-allocator-block-size=33554432"
    "memorysetup-bucket-allocator-block-count=8"
    "memorysetup-main-allocator-block-size=16777216"
    "memorysetup-thread-allocator-block-size=16777216"
    "memorysetup-gfx-main-allocator-block-size=16777216"
    "memorysetup-gfx-thread-allocator-block-size=16777216"
    "memorysetup-cache-allocator-block-size=4194304"
    "memorysetup-typetree-allocator-block-size=2097152"
    "memorysetup-profiler-bucket-allocator-granularity=16"
    "memorysetup-profiler-bucket-allocator-bucket-count=8"
    "memorysetup-profiler-bucket-allocator-block-size=33554432"
    "memorysetup-profiler-bucket-allocator-block-count=8"
    "memorysetup-profiler-allocator-block-size=16777216"
    "memorysetup-profiler-editor-allocator-block-size=1048576"
    "memorysetup-temp-allocator-size-main=16777216"
    "memorysetup-job-temp-allocator-block-size=2097152"
    "memorysetup-job-temp-allocator-block-size-background=1048576"
    "memorysetup-job-temp-allocator-reduction-small-platforms=262144"
    "memorysetup-temp-allocator-size-background-worker=32768"
    "memorysetup-temp-allocator-size-job-worker=262144"
    "memorysetup-temp-allocator-size-preload-manager=33554432"
    "memorysetup-temp-allocator-size-nav-mesh-worker=65536"
    "memorysetup-temp-allocator-size-audio-worker=65536"
    "memorysetup-temp-allocator-size-cloud-worker=32768"
    "memorysetup-temp-allocator-size-gi-baking-worker=262144"
    "memorysetup-temp-allocator-size-gfx=262144"
Refreshing native plugins compatible for Editor in 114.80 ms, found 4 plugins.
Preloading 0 native plugins for Editor in 0.00 ms.
Initialize engine version: 2021.3.10f1 (1c7d0df0160b)
[Subsystems] Discovering subsystems at path C:/Program Files/Unity/Hub/Editor/2021.3.10f1/Editor/Data/Resources/UnitySubsystems
[Subsystems] Discovering subsystems at path C:/Users/Kadzahk/My project/Assets
GfxDevice: creating device client; threaded=0; jobified=0
Direct3D:
    Version:  Direct3D 11.0 [level 11.1]
    Renderer: NVIDIA GeForce GTX 1050 (ID=0x1c81)
    Vendor:   NVIDIA
    VRAM:     1977 MB
    Driver:   31.0.15.1694
Initialize mono
Mono path[0] = 'C:/Program Files/Unity/Hub/Editor/2021.3.10f1/Editor/Data/Managed'
Mono path[1] = 'C:/Program Files/Unity/Hub/Editor/2021.3.10f1/Editor/Data/MonoBleedingEdge/lib/mono/unityjit-win32'
Mono config path = 'C:/Program Files/Unity/Hub/Editor/2021.3.10f1/Editor/Data/MonoBleedingEdge/etc'
Using monoOptions --debugger-agent=transport=dt_socket,embedding=1,server=y,suspend=n,address=127.0.0.1:56012
Begin MonoManager ReloadAssembly
Registering precompiled unity dll's ...
Register platform support module: C:/Program Files/Unity/Hub/Editor/2021.3.10f1/Editor/Data/PlaybackEngines/WindowsStandaloneSupport/UnityEditor.WindowsStandalone.Extensions.dll
Registered in 0.007170 seconds.
Native extension for WindowsStandalone target not found
Refreshing native plugins compatible for Editor in 94.15 ms, found 4 plugins.
Preloading 0 native plugins for Editor in 0.00 ms.
Mono: successfully reloaded assembly
- Completed reload, in  0.592 seconds
Domain Reload Profiling:
	ReloadAssembly (592ms)
		BeginReloadAssembly (70ms)
			ExecutionOrderSort (0ms)
			DisableScriptedObjects (0ms)
			BackupInstance (0ms)
			ReleaseScriptingObjects (0ms)
			CreateAndSetChildDomain (1ms)
		EndReloadAssembly (418ms)
			LoadAssemblies (67ms)
			RebuildTransferFunctionScriptingTraits (0ms)
			SetupTypeCache (93ms)
			ReleaseScriptCaches (0ms)
			RebuildScriptCaches (24ms)
			SetupLoadedEditorAssemblies (251ms)
				LogAssemblyErrors (0ms)
				InitializePlatformSupportModulesInManaged (7ms)
				SetLoadedEditorAssemblies (0ms)
				RefreshPlugins (94ms)
				BeforeProcessingInitializeOnLoad (1ms)
				ProcessInitializeOnLoadAttributes (107ms)
				ProcessInitializeOnLoadMethodAttributes (41ms)
				AfterProcessingInitializeOnLoad (0ms)
				EditorAssembliesLoaded (0ms)
			ExecutionOrderSort2 (0ms)
			AwakeInstancesAfterBackupRestoration (0ms)
Platform modules already initialized, skipping
Registering precompiled user dll's ...
Registered in 0.007936 seconds.
Begin MonoManager ReloadAssembly
Symbol file LoadedFromMemory doesn't match image C:\Users\Kadzahk\My project\Library\PackageCache\com.unity.visualscripting@1.7.8\Editor\VisualScripting.Core\Dependencies\YamlDotNet\Unity.VisualScripting.YamlDotNet.dll
Symbol file LoadedFromMemory doesn't match image C:\Users\Kadzahk\My project\Library\PackageCache\com.unity.visualscripting@1.7.8\Editor\VisualScripting.Core\Dependencies\DotNetZip\Unity.VisualScripting.IonicZip.dll
Native extension for WindowsStandalone target not found
Refreshing native plugins compatible for Editor in 92.60 ms, found 4 plugins.
Preloading 0 native plugins for Editor in 0.00 ms.
Mono: successfully reloaded assembly
- Completed reload, in  1.060 seconds
Domain Reload Profiling:
	ReloadAssembly (1061ms)
		BeginReloadAssembly (108ms)
			ExecutionOrderSort (0ms)
			DisableScriptedObjects (6ms)
			BackupInstance (0ms)
			ReleaseScriptingObjects (0ms)
			CreateAndSetChildDomain (18ms)
		EndReloadAssembly (839ms)
			LoadAssemblies (81ms)
			RebuildTransferFunctionScriptingTraits (0ms)
			SetupTypeCache (226ms)
			ReleaseScriptCaches (1ms)
			RebuildScriptCaches (48ms)
			SetupLoadedEditorAssemblies (445ms)
				LogAssemblyErrors (0ms)
				InitializePlatformSupportModulesInManaged (4ms)
				SetLoadedEditorAssemblies (0ms)
				RefreshPlugins (93ms)
				BeforeProcessingInitializeOnLoad (101ms)
				ProcessInitializeOnLoadAttributes (200ms)
				ProcessInitializeOnLoadMethodAttributes (38ms)
				AfterProcessingInitializeOnLoad (9ms)
				EditorAssembliesLoaded (0ms)
			ExecutionOrderSort2 (0ms)
			AwakeInstancesAfterBackupRestoration (5ms)
Platform modules already initialized, skipping
========================================================================
Worker process is ready to serve import requests
Launched and connected shader compiler UnityShaderCompiler.exe after 0.05 seconds
Refreshing native plugins compatible for Editor in 0.77 ms, found 4 plugins.
Preloading 0 native plugins for Editor in 0.00 ms.
Unloading 4068 Unused Serialized files (Serialized files now loaded: 0)
Unloading 44 unused Assets / (229.5 KB). Loaded Objects now: 4518.
Memory consumption went from 151.3 MB to 151.1 MB.
Total: 3.160100 ms (FindLiveObjects: 0.350000 ms CreateObjectMapping: 0.113100 ms MarkObjects: 2.539000 ms  DeleteObjects: 0.157100 ms)

AssetImportParameters requested are different than current active one (requested -> active):
  custom:video-decoder-ogg-theora: a1e56fd34408186e4bbccfd4996cb3dc -> 
  custom:container-muxer-webm: aa71ff27fc2769a1b78a27578f13a17b -> 
  custom:container-demuxer-webm: 4f35f7cbe854078d1ac9338744f61a02 -> 
  custom:video-encoder-webm-vp8: eb34c28f22e8b96e1ab97ce403110664 -> 
  custom:audio-encoder-webm-vorbis: bf7c407c2cedff20999df2af8eb42d56 -> 
  custom:framework-win-MediaFoundation: 216162199b28c13a410421893ffa2e32 -> 
  custom:container-demuxer-ogg: 62fdf1f143b41e24485cea50d1cbac27 -> 
  custom:video-decoder-webm-vp8: 9c59270c3fd7afecdb556c50c9e8de78 -> 
  custom:audio-decoder-ogg-vorbis: bf7c407c2cedff20999df2af8eb42d56 -> 
========================================================================
Received Import Request.
  Time since last request: 97813.618488 seconds.
  path: Assets/Palette_0.prefab
  artifactKey: Guid(decfb05682e885b479a5831858518bc7) Importer(815301076,1909f56bfc062723c751e8b465ee728b)
Start importing Assets/Palette_0.prefab using Guid(decfb05682e885b479a5831858518bc7) Importer(815301076,1909f56bfc062723c751e8b465ee728b)  -> (artifact id: 'dc2b9ba20de8005800e755747fe4bb97') in 0.126021 seconds 
========================================================================
Received Import Request.
  Time since last request: 3.231296 seconds.
  path: Assets/TEST_SpriteSheets/cave_tileset.png
  artifactKey: Guid(2884db9624e9ace4492e2961b25fcbed) Importer(815301076,1909f56bfc062723c751e8b465ee728b)
Start importing Assets/TEST_SpriteSheets/cave_tileset.png using Guid(2884db9624e9ace4492e2961b25fcbed) Importer(815301076,1909f56bfc062723c751e8b465ee728b)  -> (artifact id: '70d50321d3b324ea5610190fa266339c') in 0.056823 seconds 
========================================================================
Received Import Request.
  Time since last request: 27.547654 seconds.
  path: Assets/TEST_SpriteSheets/tiles_spritesheet.png
  artifactKey: Guid(c1ef0613985204a4d97d9cf9f8678e82) Importer(815301076,1909f56bfc062723c751e8b465ee728b)
Start importing Assets/TEST_SpriteSheets/tiles_spritesheet.png using Guid(c1ef0613985204a4d97d9cf9f8678e82) Importer(815301076,1909f56bfc062723c751e8b465ee728b)  -> (artifact id: 'c3e2b6ffaeeb4a393c6fc9c5f25639e7') in 0.017296 seconds 
========================================================================
Received Import Request.
  Time since last request: 112.414882 seconds.
  path: Assets/TEST_SpriteSheets/tiles_spritesheet.png
  artifactKey: Guid(c1ef0613985204a4d97d9cf9f8678e82) Importer(815301076,1909f56bfc062723c751e8b465ee728b)
Start importing Assets/TEST_SpriteSheets/tiles_spritesheet.png using Guid(c1ef0613985204a4d97d9cf9f8678e82) Importer(815301076,1909f56bfc062723c751e8b465ee728b)  -> (artifact id: '2d1f1b239057ef12e047f069dc8c2baa') in 0.131517 seconds 
========================================================================
Received Import Request.
  Time since last request: 90.432439 seconds.
  path: Assets/Palette_0.prefab
  artifactKey: Guid(decfb05682e885b479a5831858518bc7) Importer(815301076,1909f56bfc062723c751e8b465ee728b)
Start importing Assets/Palette_0.prefab using Guid(decfb05682e885b479a5831858518bc7) Importer(815301076,1909f56bfc062723c751e8b465ee728b)  -> (artifact id: '0196494021ea78d19a242ae9b07bee0e') in 0.007535 seconds 
========================================================================
Received Import Request.
  Time since last request: 74.015510 seconds.
  path: Assets/Palette_0/New Palette.prefab
  artifactKey: Guid(7c99dd31ee688264e8acc09ec3550d36) Importer(815301076,1909f56bfc062723c751e8b465ee728b)
Start importing Assets/Palette_0/New Palette.prefab using Guid(7c99dd31ee688264e8acc09ec3550d36) Importer(815301076,1909f56bfc062723c751e8b465ee728b)  -> (artifact id: '57bf96df9eff0692df5d62cf1554c31f') in 0.012123 seconds 
========================================================================
Received Import Request.
  Time since last request: 21.027812 seconds.
  path: Assets/Palette_0/TEST_Palette.prefab
  artifactKey: Guid(7c99dd31ee688264e8acc09ec3550d36) Importer(815301076,1909f56bfc062723c751e8b465ee728b)
Start importing Assets/Palette_0/TEST_Palette.prefab using Guid(7c99dd31ee688264e8acc09ec3550d36) Importer(815301076,1909f56bfc062723c751e8b465ee728b)  -> (artifact id: '86c0e6ffefcdb14fc2e7be3db600af2e') in 0.012013 seconds 
========================================================================
Received Import Request.
  Time since last request: 452.538508 seconds.
  path: Assets/TEST_SpriteSheets/tiles_spritesheet.png
  artifactKey: Guid(c1ef0613985204a4d97d9cf9f8678e82) Importer(815301076,1909f56bfc062723c751e8b465ee728b)
Start importing Assets/TEST_SpriteSheets/tiles_spritesheet.png using Guid(c1ef0613985204a4d97d9cf9f8678e82) Importer(815301076,1909f56bfc062723c751e8b465ee728b)  -> (artifact id: 'e8b5d3364c45dfaca956cba065ca943f') in 0.159064 seconds 
========================================================================
Received Import Request.
  Time since last request: 58.455528 seconds.
  path: Assets/TEST_SpriteSheets/tiles_spritesheet.png
  artifactKey: Guid(c1ef0613985204a4d97d9cf9f8678e82) Importer(815301076,1909f56bfc062723c751e8b465ee728b)
Start importing Assets/TEST_SpriteSheets/tiles_spritesheet.png using Guid(c1ef0613985204a4d97d9cf9f8678e82) Importer(815301076,1909f56bfc062723c751e8b465ee728b)  -> (artifact id: '8673761003b225e6a6a1499617ac3a36') in 0.134611 seconds 
========================================================================
Received Import Request.
  Time since last request: 108.830558 seconds.
  path: Assets/Palette_0/New Palette0.prefab
  artifactKey: Guid(69d306cda603dbd4d86526c328354e49) Importer(815301076,1909f56bfc062723c751e8b465ee728b)
Start importing Assets/Palette_0/New Palette0.prefab using Guid(69d306cda603dbd4d86526c328354e49) Importer(815301076,1909f56bfc062723c751e8b465ee728b)  -> (artifact id: 'a39fff4798e6ac314a96e93de1b4c7a6') in 0.049396 seconds 
========================================================================
Received Import Request.
  Time since last request: 0.000031 seconds.
  path: Assets/Palette_0/tiles_spritesheet_2.asset
  artifactKey: Guid(25bdd32a21eddc741bdd4948ceeb6a27) Importer(815301076,1909f56bfc062723c751e8b465ee728b)
Start importing Assets/Palette_0/tiles_spritesheet_2.asset using Guid(25bdd32a21eddc741bdd4948ceeb6a27) Importer(815301076,1909f56bfc062723c751e8b465ee728b)  -> (artifact id: '6f911339f47145c73e617ffd4b764062') in 0.021660 seconds 
========================================================================
Received Import Request.
  Time since last request: 0.000038 seconds.
  path: Assets/Palette_0/tiles_spritesheet_16.asset
  artifactKey: Guid(5f409d17b8d48074981e591e4a69994f) Importer(815301076,1909f56bfc062723c751e8b465ee728b)
Start importing Assets/Palette_0/tiles_spritesheet_16.asset using Guid(5f409d17b8d48074981e591e4a69994f) Importer(815301076,1909f56bfc062723c751e8b465ee728b)  -> (artifact id: 'ba9cb9ddd48b16e0cd2ca682ffc272c8') in 0.011069 seconds 
========================================================================
Received Import Request.
  Time since last request: 0.000023 seconds.
  path: Assets/Palette_0/tiles_spritesheet_13.asset
  artifactKey: Guid(70eaa75134bda6642a6538e4f2fd588b) Importer(815301076,1909f56bfc062723c751e8b465ee728b)
Start importing Assets/Palette_0/tiles_spritesheet_13.asset using Guid(70eaa75134bda6642a6538e4f2fd588b) Importer(815301076,1909f56bfc062723c751e8b465ee728b)  -> (artifact id: '02f9fc736f68ebd638650c29500dbafd') in 0.012843 seconds 
========================================================================
Received Import Request.
  Time since last request: 0.000018 seconds.
  path: Assets/Palette_0/tiles_spritesheet_10.asset
  artifactKey: Guid(dace2ac5ae9d3d94b9ac73109c8cc8e4) Importer(815301076,1909f56bfc062723c751e8b465ee728b)
Start importing Assets/Palette_0/tiles_spritesheet_10.asset using Guid(dace2ac5ae9d3d94b9ac73109c8cc8e4) Importer(815301076,1909f56bfc062723c751e8b465ee728b)  -> (artifact id: '4c9894157c4b46bd5fb1f9df990e5e92') in 0.011857 seconds 
========================================================================
Received Import Request.
  Time since last request: 0.000021 seconds.
  path: Assets/Palette_0/tiles_spritesheet_40.asset
  artifactKey: Guid(bb0f5f52100dd8a43be1bbd810cbc469) Importer(815301076,1909f56bfc062723c751e8b465ee728b)
Start importing Assets/Palette_0/tiles_spritesheet_40.asset using Guid(bb0f5f52100dd8a43be1bbd810cbc469) Importer(815301076,1909f56bfc062723c751e8b465ee728b)  -> (artifact id: '006b13f44a936b77cd1503ae2b2dd109') in 0.014915 seconds 
========================================================================
Received Import Request.
  Time since last request: 0.000023 seconds.
  path: Assets/Palette_0/tiles_spritesheet_35.asset
  artifactKey: Guid(b0bc3f41d7992c84499ad854d2d0aaaf) Importer(815301076,1909f56bfc062723c751e8b465ee728b)
Start importing Assets/Palette_0/tiles_spritesheet_35.asset using Guid(b0bc3f41d7992c84499ad854d2d0aaaf) Importer(815301076,1909f56bfc062723c751e8b465ee728b)  -> (artifact id: '3852ffcecb36bbff618757266e10aae5') in 0.011904 seconds 
========================================================================
Received Import Request.
  Time since last request: 0.000038 seconds.
  path: Assets/Palette_0/tiles_spritesheet_46.asset
  artifactKey: Guid(451fde970cbedfc459f8dbe68cc7e9a2) Importer(815301076,1909f56bfc062723c751e8b465ee728b)
Start importing Assets/Palette_0/tiles_spritesheet_46.asset using Guid(451fde970cbedfc459f8dbe68cc7e9a2) Importer(815301076,1909f56bfc062723c751e8b465ee728b)  -> (artifact id: '6be211bb765bf9c1b35fb48eeaf89fbf') in 0.012467 seconds 
========================================================================
Received Import Request.
  Time since last request: 0.000037 seconds.
  path: Assets/Palette_0/tiles_spritesheet_4.asset
  artifactKey: Guid(072f6c3340745f746831a027945b8408) Importer(815301076,1909f56bfc062723c751e8b465ee728b)
Start importing Assets/Palette_0/tiles_spritesheet_4.asset using Guid(072f6c3340745f746831a027945b8408) Importer(815301076,1909f56bfc062723c751e8b465ee728b)  -> (artifact id: '2d3840f5c901ded7c976da536d8c86bb') in 0.012681 seconds 
========================================================================
Received Import Request.
  Time since last request: 0.000024 seconds.
  path: Assets/Palette_0/tiles_spritesheet_19.asset
  artifactKey: Guid(ad2c82dfc343b2442a5b51e6d2eea3dd) Importer(815301076,1909f56bfc062723c751e8b465ee728b)
Start importing Assets/Palette_0/tiles_spritesheet_19.asset using Guid(ad2c82dfc343b2442a5b51e6d2eea3dd) Importer(815301076,1909f56bfc062723c751e8b465ee728b)  -> (artifact id: '5712e1ae36e39ad9ade519505b375ef6') in 0.012370 seconds 
========================================================================
Received Import Request.
  Time since last request: 0.000024 seconds.
  path: Assets/Palette_0/tiles_spritesheet_24.asset
  artifactKey: Guid(37edc74ef3822a64e918498069a4b460) Importer(815301076,1909f56bfc062723c751e8b465ee728b)
Start importing Assets/Palette_0/tiles_spritesheet_24.asset using Guid(37edc74ef3822a64e918498069a4b460) Importer(815301076,1909f56bfc062723c751e8b465ee728b)  -> (artifact id: '4c639df203a89f893e1f4fb010adaa6f') in 0.013737 seconds 
========================================================================
Received Import Request.
  Time since last request: 0.000025 seconds.
  path: Assets/Palette_0/tiles_spritesheet_31.asset
  artifactKey: Guid(f29d81c79bb8c1540b091f56d1c4631f) Importer(815301076,1909f56bfc062723c751e8b465ee728b)
Start importing Assets/Palette_0/tiles_spritesheet_31.asset using Guid(f29d81c79bb8c1540b091f56d1c4631f) Importer(815301076,1909f56bfc062723c751e8b465ee728b)  -> (artifact id: '67c0a77e243233bdfb826311220c1e15') in 0.011572 seconds 
========================================================================
Received Import Request.
  Time since last request: 0.000026 seconds.
  path: Assets/Palette_0/tiles_spritesheet_47.asset
  artifactKey: Guid(e2c787c1dff092c449110c668b39f3f1) Importer(815301076,1909f56bfc062723c751e8b465ee728b)
Start importing Assets/Palette_0/tiles_spritesheet_47.asset using Guid(e2c787c1dff092c449110c668b39f3f1) Importer(815301076,1909f56bfc062723c751e8b465ee728b)  -> (artifact id: '7ced827dc42e635aa92ed0c8309ecfed') in 0.010048 seconds 
========================================================================
Received Import Request.
  Time since last request: 0.000031 seconds.
  path: Assets/Palette_0/tiles_spritesheet_15.asset
  artifactKey: Guid(5fd833d58cef1134ea9cbd099918d86c) Importer(815301076,1909f56bfc062723c751e8b465ee728b)
Start importing Assets/Palette_0/tiles_spritesheet_15.asset using Guid(5fd833d58cef1134ea9cbd099918d86c) Importer(815301076,1909f56bfc062723c751e8b465ee728b)  -> (artifact id: '65fe90f10e7d11a36b0ede6b6bc0e1d3') in 0.013462 seconds 
========================================================================
Received Import Request.
  Time since last request: 0.000049 seconds.
  path: Assets/Palette_0/tiles_spritesheet_30.asset
  artifactKey: Guid(ade2d18e3f72a3041ac53539929ceb4f) Importer(815301076,1909f56bfc062723c751e8b465ee728b)
Start importing Assets/Palette_0/tiles_spritesheet_30.asset using Guid(ade2d18e3f72a3041ac53539929ceb4f) Importer(815301076,1909f56bfc062723c751e8b465ee728b)  -> (artifact id: '9f69c214d09fa6bac9f47e8c8e300720') in 0.014558 seconds 
========================================================================
Received Import Request.
  Time since last request: 0.000019 seconds.
  path: Assets/Palette_0/tiles_spritesheet_32.asset
  artifactKey: Guid(81cd0e50edbaa8b48a62d83145818848) Importer(815301076,1909f56bfc062723c751e8b465ee728b)
Start importing Assets/Palette_0/tiles_spritesheet_32.asset using Guid(81cd0e50edbaa8b48a62d83145818848) Importer(815301076,1909f56bfc062723c751e8b465ee728b)  -> (artifact id: '8564fc5c63b9691f5b81c88d7a5ee2dd') in 0.013117 seconds 
========================================================================
Received Import Request.
  Time since last request: 0.000187 seconds.
  path: Assets/Palette_0/tiles_spritesheet_59.asset
  artifactKey: Guid(c98eec1d19e5828489eb6120fbce0708) Importer(815301076,1909f56bfc062723c751e8b465ee728b)
Start importing Assets/Palette_0/tiles_spritesheet_59.asset using Guid(c98eec1d19e5828489eb6120fbce0708) Importer(815301076,1909f56bfc062723c751e8b465ee728b)  -> (artifact id: 'b413879dadb91e60b5a9d57ffad9976e') in 0.012037 seconds 
========================================================================
Received Import Request.
  Time since last request: 0.000025 seconds.
  path: Assets/Palette_0/tiles_spritesheet_23.asset
  artifactKey: Guid(bca7c90db2532bb46b89d2bc69321301) Importer(815301076,1909f56bfc062723c751e8b465ee728b)
Start importing Assets/Palette_0/tiles_spritesheet_23.asset using Guid(bca7c90db2532bb46b89d2bc69321301) Importer(815301076,1909f56bfc062723c751e8b465ee728b)  -> (artifact id: 'a978df61db56e8f3756bc2fda7176afa') in 0.012360 seconds 
========================================================================
Received Import Request.
  Time since last request: 0.000020 seconds.
  path: Assets/Palette_0/tiles_spritesheet_25.asset
  artifactKey: Guid(92cb05b9ac5df2841b07c64dc3910535) Importer(815301076,1909f56bfc062723c751e8b465ee728b)
Start importing Assets/Palette_0/tiles_spritesheet_25.asset using Guid(92cb05b9ac5df2841b07c64dc3910535) Importer(815301076,1909f56bfc062723c751e8b465ee728b)  -> (artifact id: 'fa967404c5e52515f83b8691d3431751') in 0.011813 seconds 
========================================================================
Received Import Request.
  Time since last request: 0.000020 seconds.
  path: Assets/Palette_0/tiles_spritesheet_57.asset
  artifactKey: Guid(88c4604ca05c63c49b5fa298d3e36efd) Importer(815301076,1909f56bfc062723c751e8b465ee728b)
Start importing Assets/Palette_0/tiles_spritesheet_57.asset using Guid(88c4604ca05c63c49b5fa298d3e36efd) Importer(815301076,1909f56bfc062723c751e8b465ee728b)  -> (artifact id: '1780243a5906e577b1e6bdf7cfb77aba') in 0.016723 seconds 
========================================================================
Received Import Request.
  Time since last request: 0.000028 seconds.
  path: Assets/Palette_0/tiles_spritesheet_14.asset
  artifactKey: Guid(4ef37585f5b1c6b4abdbc0a2f29d4812) Importer(815301076,1909f56bfc062723c751e8b465ee728b)
Start importing Assets/Palette_0/tiles_spritesheet_14.asset using Guid(4ef37585f5b1c6b4abdbc0a2f29d4812) Importer(815301076,1909f56bfc062723c751e8b465ee728b)  -> (artifact id: '3a5a7f5e6c5419a43400c15f891fe504') in 0.012472 seconds 
========================================================================
Received Import Request.
  Time since last request: 0.000035 seconds.
  path: Assets/Palette_0/tiles_spritesheet_11.asset
  artifactKey: Guid(e025df62fd05d3a43aea40817c8a2d5e) Importer(815301076,1909f56bfc062723c751e8b465ee728b)
Start importing Assets/Palette_0/tiles_spritesheet_11.asset using Guid(e025df62fd05d3a43aea40817c8a2d5e) Importer(815301076,1909f56bfc062723c751e8b465ee728b)  -> (artifact id: 'cf2cedf13c756bf151ee77d1c6dd384f') in 0.015379 seconds 
========================================================================
Received Import Request.
  Time since last request: 0.000031 seconds.
  path: Assets/Palette_0/tiles_spritesheet_60.asset
  artifactKey: Guid(095a5f45f28584c4d83c9dbf8553c77d) Importer(815301076,1909f56bfc062723c751e8b465ee728b)
Start importing Assets/Palette_0/tiles_spritesheet_60.asset using Guid(095a5f45f28584c4d83c9dbf8553c77d) Importer(815301076,1909f56bfc062723c751e8b465ee728b)  -> (artifact id: '58183de8f7bac7a74097fc2489384586') in 0.015459 seconds 
========================================================================
Received Import Request.
  Time since last request: 0.000033 seconds.
  path: Assets/Palette_0/tiles_spritesheet_0.asset
  artifactKey: Guid(8c3f251d725c9f8488e277864683a70c) Importer(815301076,1909f56bfc062723c751e8b465ee728b)
Start importing Assets/Palette_0/tiles_spritesheet_0.asset using Guid(8c3f251d725c9f8488e277864683a70c) Importer(815301076,1909f56bfc062723c751e8b465ee728b)  -> (artifact id: 'cbdf38d23fa08064b5e7cabfa107be4e') in 0.019754 seconds 
========================================================================
Received Import Request.
  Time since last request: 0.000039 seconds.
  path: Assets/Palette_0/tiles_spritesheet_18.asset
  artifactKey: Guid(f3b284e99d7d52743819016b77a7cd49) Importer(815301076,1909f56bfc062723c751e8b465ee728b)
Start importing Assets/Palette_0/tiles_spritesheet_18.asset using Guid(f3b284e99d7d52743819016b77a7cd49) Importer(815301076,1909f56bfc062723c751e8b465ee728b)  -> (artifact id: 'de9f370f124671022baa52dc9073ba86') in 0.016013 seconds 
========================================================================
Received Import Request.
  Time since last request: 0.000028 seconds.
  path: Assets/Palette_0/tiles_spritesheet_50.asset
  artifactKey: Guid(8ecfceb6838e48c48be6235dc58dff95) Importer(815301076,1909f56bfc062723c751e8b465ee728b)
Start importing Assets/Palette_0/tiles_spritesheet_50.asset using Guid(8ecfceb6838e48c48be6235dc58dff95) Importer(815301076,1909f56bfc062723c751e8b465ee728b)  -> (artifact id: '570e13f11eceec9832e7a14ba0a71338') in 0.012042 seconds 
========================================================================
Received Import Request.
  Time since last request: 0.000022 seconds.
  path: Assets/Palette_0/tiles_spritesheet_53.asset
  artifactKey: Guid(f5497b5af7e34d64ebacc0fb8759c246) Importer(815301076,1909f56bfc062723c751e8b465ee728b)
Start importing Assets/Palette_0/tiles_spritesheet_53.asset using Guid(f5497b5af7e34d64ebacc0fb8759c246) Importer(815301076,1909f56bfc062723c751e8b465ee728b)  -> (artifact id: 'cdb63c5dc3f751ba56b85f30f810874f') in 0.011619 seconds 
========================================================================
Received Import Request.
  Time since last request: 0.000019 seconds.
  path: Assets/Palette_0/tiles_spritesheet_45.asset
  artifactKey: Guid(aca99dcf3bb12794dbdb36497392a1dc) Importer(815301076,1909f56bfc062723c751e8b465ee728b)
Start importing Assets/Palette_0/tiles_spritesheet_45.asset using Guid(aca99dcf3bb12794dbdb36497392a1dc) Importer(815301076,1909f56bfc062723c751e8b465ee728b)  -> (artifact id: 'c0776d3ddfd1cd2cc1396cb40127b027') in 0.013123 seconds 
========================================================================
Received Import Request.
  Time since last request: 0.000021 seconds.
  path: Assets/Palette_0/tiles_spritesheet_28.asset
  artifactKey: Guid(2fe2b356d00e43745955e427cd9daee4) Importer(815301076,1909f56bfc062723c751e8b465ee728b)
Start importing Assets/Palette_0/tiles_spritesheet_28.asset using Guid(2fe2b356d00e43745955e427cd9daee4) Importer(815301076,1909f56bfc062723c751e8b465ee728b)  -> (artifact id: '1f23cb69b31dba231675a41ae3504d06') in 0.014309 seconds 
========================================================================
Received Import Request.
  Time since last request: 0.000035 seconds.
  path: Assets/Palette_0/tiles_spritesheet_43.asset
  artifactKey: Guid(f61c1655e81568a4ca26526a128268c3) Importer(815301076,1909f56bfc062723c751e8b465ee728b)
Start importing Assets/Palette_0/tiles_spritesheet_43.asset using Guid(f61c1655e81568a4ca26526a128268c3) Importer(815301076,1909f56bfc062723c751e8b465ee728b)  -> (artifact id: '5089dc7ea1d005056fedd129d46732d8') in 0.013281 seconds 
========================================================================
Received Import Request.
  Time since last request: 0.000021 seconds.
  path: Assets/Palette_0/tiles_spritesheet_58.asset
  artifactKey: Guid(82995e8d0083ee341a646c0a7d6c7624) Importer(815301076,1909f56bfc062723c751e8b465ee728b)
Start importing Assets/Palette_0/tiles_spritesheet_58.asset using Guid(82995e8d0083ee341a646c0a7d6c7624) Importer(815301076,1909f56bfc062723c751e8b465ee728b)  -> (artifact id: 'eb8588a37cad3c703e1113814c1a9a1b') in 0.013524 seconds 
========================================================================
Received Import Request.
  Time since last request: 0.000026 seconds.
  path: Assets/Palette_0/tiles_spritesheet_56.asset
  artifactKey: Guid(ee0f8d7f95381a14b86957458ee14a0c) Importer(815301076,1909f56bfc062723c751e8b465ee728b)
Start importing Assets/Palette_0/tiles_spritesheet_56.asset using Guid(ee0f8d7f95381a14b86957458ee14a0c) Importer(815301076,1909f56bfc062723c751e8b465ee728b)  -> (artifact id: '1ec43a5208760a92b4878b58eef45d4d') in 0.013830 seconds 
Editor requested this worker to shutdown with reason: Scaling down because of idle timeout
AssetImportWorker is now disconnected from the server
Process exiting
Exiting without the bug reporter. Application will terminate with return code 0