Using pre-set license
Built from '2021.3/staging' branch; Version is '2021.3.10f1 (1c7d0df0160b) revision 1867021'; Using compiler version '192829333'; Build Type 'Release'
OS: 'Windows 10  (10.0.19044) 64bit Professional' Language: 'en' Physical Memory: 15835 MB
BatchMode: 1, IsHumanControllingUs: 0, StartBugReporterOnCrash: 0, Is64bit: 1, IsPro: 1

COMMAND LINE ARGUMENTS:
C:\Program Files\Unity\Hub\Editor\2021.3.10f1\Editor\Unity.exe
-adb2
-batchMode
-noUpm
-name
AssetImportWorker0
-projectPath
C:/Users/Kadzahk/My project
-logFile
Logs/AssetImportWorker0.log
-srvPort
65359
Successfully changed project path to: C:/Users/Kadzahk/My project
C:/Users/Kadzahk/My project
[UnityMemory] Configuration Parameters - Can be set up in boot.config
    "memorysetup-bucket-allocator-granularity=16"
    "memorysetup-bucket-allocator-bucket-count=8"
    "memorysetup-bucket-allocator-block-size=33554432"
    "memorysetup-bucket-allocator-block-count=8"
    "memorysetup-main-allocator-block-size=16777216"
    "memorysetup-thread-allocator-block-size=16777216"
    "memorysetup-gfx-main-allocator-block-size=16777216"
    "memorysetup-gfx-thread-allocator-block-size=16777216"
    "memorysetup-cache-allocator-block-size=4194304"
    "memorysetup-typetree-allocator-block-size=2097152"
    "memorysetup-profiler-bucket-allocator-granularity=16"
    "memorysetup-profiler-bucket-allocator-bucket-count=8"
    "memorysetup-profiler-bucket-allocator-block-size=33554432"
    "memorysetup-profiler-bucket-allocator-block-count=8"
    "memorysetup-profiler-allocator-block-size=16777216"
    "memorysetup-profiler-editor-allocator-block-size=1048576"
    "memorysetup-temp-allocator-size-main=16777216"
    "memorysetup-job-temp-allocator-block-size=2097152"
    "memorysetup-job-temp-allocator-block-size-background=1048576"
    "memorysetup-job-temp-allocator-reduction-small-platforms=262144"
    "memorysetup-temp-allocator-size-background-worker=32768"
    "memorysetup-temp-allocator-size-job-worker=262144"
    "memorysetup-temp-allocator-size-preload-manager=33554432"
    "memorysetup-temp-allocator-size-nav-mesh-worker=65536"
    "memorysetup-temp-allocator-size-audio-worker=65536"
    "memorysetup-temp-allocator-size-cloud-worker=32768"
    "memorysetup-temp-allocator-size-gi-baking-worker=262144"
    "memorysetup-temp-allocator-size-gfx=262144"
Refreshing native plugins compatible for Editor in 103.70 ms, found 4 plugins.
Preloading 0 native plugins for Editor in 0.00 ms.
Initialize engine version: 2021.3.10f1 (1c7d0df0160b)
[Subsystems] Discovering subsystems at path C:/Program Files/Unity/Hub/Editor/2021.3.10f1/Editor/Data/Resources/UnitySubsystems
[Subsystems] Discovering subsystems at path C:/Users/Kadzahk/My project/Assets
GfxDevice: creating device client; threaded=0; jobified=0
Direct3D:
    Version:  Direct3D 11.0 [level 11.1]
    Renderer: NVIDIA GeForce GTX 1050 (ID=0x1c81)
    Vendor:   NVIDIA
    VRAM:     1977 MB
    Driver:   31.0.15.1694
Initialize mono
Mono path[0] = 'C:/Program Files/Unity/Hub/Editor/2021.3.10f1/Editor/Data/Managed'
Mono path[1] = 'C:/Program Files/Unity/Hub/Editor/2021.3.10f1/Editor/Data/MonoBleedingEdge/lib/mono/unityjit-win32'
Mono config path = 'C:/Program Files/Unity/Hub/Editor/2021.3.10f1/Editor/Data/MonoBleedingEdge/etc'
Using monoOptions --debugger-agent=transport=dt_socket,embedding=1,server=y,suspend=n,address=127.0.0.1:56008
Begin MonoManager ReloadAssembly
Registering precompiled unity dll's ...
Register platform support module: C:/Program Files/Unity/Hub/Editor/2021.3.10f1/Editor/Data/PlaybackEngines/WindowsStandaloneSupport/UnityEditor.WindowsStandalone.Extensions.dll
Registered in 0.115277 seconds.
Native extension for WindowsStandalone target not found
Refreshing native plugins compatible for Editor in 102.27 ms, found 4 plugins.
Preloading 0 native plugins for Editor in 0.00 ms.
Mono: successfully reloaded assembly
- Completed reload, in  3.653 seconds
Domain Reload Profiling:
	ReloadAssembly (3653ms)
		BeginReloadAssembly (2981ms)
			ExecutionOrderSort (0ms)
			DisableScriptedObjects (0ms)
			BackupInstance (0ms)
			ReleaseScriptingObjects (0ms)
			CreateAndSetChildDomain (1ms)
		EndReloadAssembly (448ms)
			LoadAssemblies (2979ms)
			RebuildTransferFunctionScriptingTraits (0ms)
			SetupTypeCache (102ms)
			ReleaseScriptCaches (0ms)
			RebuildScriptCaches (31ms)
			SetupLoadedEditorAssemblies (261ms)
				LogAssemblyErrors (0ms)
				InitializePlatformSupportModulesInManaged (8ms)
				SetLoadedEditorAssemblies (0ms)
				RefreshPlugins (102ms)
				BeforeProcessingInitializeOnLoad (1ms)
				ProcessInitializeOnLoadAttributes (108ms)
				ProcessInitializeOnLoadMethodAttributes (41ms)
				AfterProcessingInitializeOnLoad (0ms)
				EditorAssembliesLoaded (0ms)
			ExecutionOrderSort2 (0ms)
			AwakeInstancesAfterBackupRestoration (0ms)
Platform modules already initialized, skipping
Registering precompiled user dll's ...
Registered in 0.011986 seconds.
Begin MonoManager ReloadAssembly
Symbol file LoadedFromMemory doesn't match image C:\Users\Kadzahk\My project\Library\PackageCache\com.unity.visualscripting@1.7.8\Editor\VisualScripting.Core\Dependencies\YamlDotNet\Unity.VisualScripting.YamlDotNet.dll
Symbol file LoadedFromMemory doesn't match image C:\Users\Kadzahk\My project\Library\PackageCache\com.unity.visualscripting@1.7.8\Editor\VisualScripting.Core\Dependencies\DotNetZip\Unity.VisualScripting.IonicZip.dll
Native extension for WindowsStandalone target not found
Refreshing native plugins compatible for Editor in 104.37 ms, found 4 plugins.
Preloading 0 native plugins for Editor in 0.00 ms.
Mono: successfully reloaded assembly
- Completed reload, in  1.350 seconds
Domain Reload Profiling:
	ReloadAssembly (1351ms)
		BeginReloadAssembly (116ms)
			ExecutionOrderSort (0ms)
			DisableScriptedObjects (5ms)
			BackupInstance (0ms)
			ReleaseScriptingObjects (0ms)
			CreateAndSetChildDomain (19ms)
		EndReloadAssembly (1065ms)
			LoadAssemblies (241ms)
			RebuildTransferFunctionScriptingTraits (0ms)
			SetupTypeCache (243ms)
			ReleaseScriptCaches (1ms)
			RebuildScriptCaches (55ms)
			SetupLoadedEditorAssemblies (479ms)
				LogAssemblyErrors (0ms)
				InitializePlatformSupportModulesInManaged (6ms)
				SetLoadedEditorAssemblies (0ms)
				RefreshPlugins (104ms)
				BeforeProcessingInitializeOnLoad (108ms)
				ProcessInitializeOnLoadAttributes (204ms)
				ProcessInitializeOnLoadMethodAttributes (45ms)
				AfterProcessingInitializeOnLoad (12ms)
				EditorAssembliesLoaded (0ms)
			ExecutionOrderSort2 (0ms)
			AwakeInstancesAfterBackupRestoration (6ms)
Platform modules already initialized, skipping
========================================================================
Worker process is ready to serve import requests
Launched and connected shader compiler UnityShaderCompiler.exe after 0.06 seconds
Refreshing native plugins compatible for Editor in 1.12 ms, found 4 plugins.
Preloading 0 native plugins for Editor in 0.00 ms.
Unloading 4068 Unused Serialized files (Serialized files now loaded: 0)
Unloading 44 unused Assets / (229.5 KB). Loaded Objects now: 4518.
Memory consumption went from 151.3 MB to 151.1 MB.
Total: 4.277700 ms (FindLiveObjects: 0.400800 ms CreateObjectMapping: 0.135300 ms MarkObjects: 3.572400 ms  DeleteObjects: 0.167800 ms)

AssetImportParameters requested are different than current active one (requested -> active):
  custom:video-decoder-ogg-theora: a1e56fd34408186e4bbccfd4996cb3dc -> 
  custom:container-muxer-webm: aa71ff27fc2769a1b78a27578f13a17b -> 
  custom:container-demuxer-webm: 4f35f7cbe854078d1ac9338744f61a02 -> 
  custom:video-encoder-webm-vp8: eb34c28f22e8b96e1ab97ce403110664 -> 
  custom:audio-encoder-webm-vorbis: bf7c407c2cedff20999df2af8eb42d56 -> 
  custom:framework-win-MediaFoundation: 216162199b28c13a410421893ffa2e32 -> 
  custom:container-demuxer-ogg: 62fdf1f143b41e24485cea50d1cbac27 -> 
  custom:video-decoder-webm-vp8: 9c59270c3fd7afecdb556c50c9e8de78 -> 
  custom:audio-decoder-ogg-vorbis: bf7c407c2cedff20999df2af8eb42d56 -> 
========================================================================
Received Import Request.
  Time since last request: 96934.287441 seconds.
  path: Assets
  artifactKey: Guid(00000000000000001000000000000000) Importer(815301076,1909f56bfc062723c751e8b465ee728b)
Start importing Assets using Guid(00000000000000001000000000000000) Importer(815301076,1909f56bfc062723c751e8b465ee728b)  -> (artifact id: '79842766b460edbeab6a34051e857a80') in 0.011433 seconds 
========================================================================
Received Import Request.
  Time since last request: 10.459539 seconds.
  path: Assets/TEST_Audio
  artifactKey: Guid(f694bb09431e150498101f5e2fdb7ab3) Importer(815301076,1909f56bfc062723c751e8b465ee728b)
Start importing Assets/TEST_Audio using Guid(f694bb09431e150498101f5e2fdb7ab3) Importer(815301076,1909f56bfc062723c751e8b465ee728b)  -> (artifact id: '319a040323776215de49af5dae8350f0') in 0.005645 seconds 
========================================================================
Received Import Request.
  Time since last request: 568.617286 seconds.
  path: Assets/TEST_Audio/snd_blowup.ogg
  artifactKey: Guid(88e4da25f80048e4c918e9fb1abb6b6a) Importer(815301076,1909f56bfc062723c751e8b465ee728b)
Start importing Assets/TEST_Audio/snd_blowup.ogg using Guid(88e4da25f80048e4c918e9fb1abb6b6a) Importer(815301076,1909f56bfc062723c751e8b465ee728b)  -> (artifact id: 'd28f91ca85058d61391993749581a287') in 0.201750 seconds 
========================================================================
Received Import Request.
  Time since last request: 0.000030 seconds.
  path: Assets/TEST_Audio/snd_jump_hump.ogg
  artifactKey: Guid(47f9f13699cb4cc48b475a5a6bb035cd) Importer(815301076,1909f56bfc062723c751e8b465ee728b)
Start importing Assets/TEST_Audio/snd_jump_hump.ogg using Guid(47f9f13699cb4cc48b475a5a6bb035cd) Importer(815301076,1909f56bfc062723c751e8b465ee728b)  -> (artifact id: 'e7c8f383a7698674d12a49be8c756b24') in 0.015407 seconds 
========================================================================
Received Import Request.
  Time since last request: 0.000036 seconds.
  path: Assets/TEST_Audio/snd_main_theme.ogg
  artifactKey: Guid(2376fdb5fabc9b34fa99a76e51eadb61) Importer(815301076,1909f56bfc062723c751e8b465ee728b)
Start importing Assets/TEST_Audio/snd_main_theme.ogg using Guid(2376fdb5fabc9b34fa99a76e51eadb61) Importer(815301076,1909f56bfc062723c751e8b465ee728b)  -> (artifact id: '0ff262f1f55ca01ca2ca00a8db2b16e0') in 0.011640 seconds 
========================================================================
Received Import Request.
  Time since last request: 0.000025 seconds.
  path: Assets/TEST_Audio/snd_step2.ogg
  artifactKey: Guid(baf03a5896fc31243bbaf1ba4765246a) Importer(815301076,1909f56bfc062723c751e8b465ee728b)
Start importing Assets/TEST_Audio/snd_step2.ogg using Guid(baf03a5896fc31243bbaf1ba4765246a) Importer(815301076,1909f56bfc062723c751e8b465ee728b)  -> (artifact id: 'ae3a20cfb2624066b0b27a626dc249c2') in 0.014075 seconds 
========================================================================
Received Import Request.
  Time since last request: 0.000026 seconds.
  path: Assets/TEST_Audio/snd_landing.ogg
  artifactKey: Guid(0ad54deeb957e4c4f9eee0d0ecc0d575) Importer(815301076,1909f56bfc062723c751e8b465ee728b)
Start importing Assets/TEST_Audio/snd_landing.ogg using Guid(0ad54deeb957e4c4f9eee0d0ecc0d575) Importer(815301076,1909f56bfc062723c751e8b465ee728b)  -> (artifact id: '6b54dedb754ff1bd1f67a6922caf926c') in 0.012911 seconds 
========================================================================
Received Import Request.
  Time since last request: 0.000020 seconds.
  path: Assets/TEST_Audio/snd_rifle_shot.ogg
  artifactKey: Guid(d64d8c4483c1320468c698b3154fca7b) Importer(815301076,1909f56bfc062723c751e8b465ee728b)
Start importing Assets/TEST_Audio/snd_rifle_shot.ogg using Guid(d64d8c4483c1320468c698b3154fca7b) Importer(815301076,1909f56bfc062723c751e8b465ee728b)  -> (artifact id: 'd0794873e56082f2c33f74ff383334a7') in 0.012970 seconds 
========================================================================
Received Import Request.
  Time since last request: 0.000028 seconds.
  path: Assets/TEST_Audio/snd_select.ogg
  artifactKey: Guid(45d9d53019be7624a810aefa215e8e2c) Importer(815301076,1909f56bfc062723c751e8b465ee728b)
Start importing Assets/TEST_Audio/snd_select.ogg using Guid(45d9d53019be7624a810aefa215e8e2c) Importer(815301076,1909f56bfc062723c751e8b465ee728b)  -> (artifact id: '6aaca54cf8b6d39a36e62f3aad608175') in 0.012775 seconds 
========================================================================
Received Import Request.
  Time since last request: 0.000021 seconds.
  path: Assets/TEST_Audio/snd_explosion_air.ogg
  artifactKey: Guid(c5cc4966dc8a23d448d348227890faba) Importer(815301076,1909f56bfc062723c751e8b465ee728b)
Start importing Assets/TEST_Audio/snd_explosion_air.ogg using Guid(c5cc4966dc8a23d448d348227890faba) Importer(815301076,1909f56bfc062723c751e8b465ee728b)  -> (artifact id: '22aeef1876e2920c23617f35d723789b') in 0.011820 seconds 
========================================================================
Received Import Request.
  Time since last request: 0.000018 seconds.
  path: Assets/TEST_Audio/snd_explosion_earth.ogg
  artifactKey: Guid(a57e69f10417ab54ab92fdbaa33fca42) Importer(815301076,1909f56bfc062723c751e8b465ee728b)
Start importing Assets/TEST_Audio/snd_explosion_earth.ogg using Guid(a57e69f10417ab54ab92fdbaa33fca42) Importer(815301076,1909f56bfc062723c751e8b465ee728b)  -> (artifact id: 'c29172bd442c06f9f0a7480ab673519f') in 0.012167 seconds 
========================================================================
Received Import Request.
  Time since last request: 0.000021 seconds.
  path: Assets/TEST_Audio/snd_jump.ogg
  artifactKey: Guid(f98776d433f68fd428ff2232458dcaa6) Importer(815301076,1909f56bfc062723c751e8b465ee728b)
Start importing Assets/TEST_Audio/snd_jump.ogg using Guid(f98776d433f68fd428ff2232458dcaa6) Importer(815301076,1909f56bfc062723c751e8b465ee728b)  -> (artifact id: 'ec7521f6bff9aa6c06d7c25743d247e1') in 0.012157 seconds 
========================================================================
Received Import Request.
  Time since last request: 0.000029 seconds.
  path: Assets/TEST_Audio/snd_bossintro.ogg
  artifactKey: Guid(51c391d764ad3d24497d66335d103675) Importer(815301076,1909f56bfc062723c751e8b465ee728b)
Start importing Assets/TEST_Audio/snd_bossintro.ogg using Guid(51c391d764ad3d24497d66335d103675) Importer(815301076,1909f56bfc062723c751e8b465ee728b)  -> (artifact id: '0cb7e22a1180c100a75c2b7ff870c4a3') in 0.012722 seconds 
========================================================================
Received Import Request.
  Time since last request: 0.000024 seconds.
  path: Assets/TEST_Audio/snd_landfppt.ogg
  artifactKey: Guid(b7071c8260bc2ba43aa643f67ae3da0f) Importer(815301076,1909f56bfc062723c751e8b465ee728b)
Start importing Assets/TEST_Audio/snd_landfppt.ogg using Guid(b7071c8260bc2ba43aa643f67ae3da0f) Importer(815301076,1909f56bfc062723c751e8b465ee728b)  -> (artifact id: 'd7c8302930f0e42ad5048668457cc83a') in 0.011307 seconds 
========================================================================
Received Import Request.
  Time since last request: 0.000022 seconds.
  path: Assets/TEST_Audio/snd_step1.ogg
  artifactKey: Guid(117427f4249fc2f428e0f18fa5a0871f) Importer(815301076,1909f56bfc062723c751e8b465ee728b)
Start importing Assets/TEST_Audio/snd_step1.ogg using Guid(117427f4249fc2f428e0f18fa5a0871f) Importer(815301076,1909f56bfc062723c751e8b465ee728b)  -> (artifact id: 'b9f26d2b2b194bc198cc720e2925f8bd') in 0.012086 seconds 
========================================================================
Received Import Request.
  Time since last request: 0.000024 seconds.
  path: Assets/TEST_Audio/snd_danger.ogg
  artifactKey: Guid(6ade3fded31218b438b8243d178fe9ad) Importer(815301076,1909f56bfc062723c751e8b465ee728b)
Start importing Assets/TEST_Audio/snd_danger.ogg using Guid(6ade3fded31218b438b8243d178fe9ad) Importer(815301076,1909f56bfc062723c751e8b465ee728b)  -> (artifact id: '8940fbf7598e7c2f9c438a74c61531ab') in 0.011934 seconds 
Editor requested this worker to shutdown with reason: Scaling down because of idle timeout
AssetImportWorker is now disconnected from the server
Process exiting
Exiting without the bug reporter. Application will terminate with return code 0