Using pre-set license
Built from '2021.3/staging' branch; Version is '2021.3.10f1 (1c7d0df0160b) revision 1867021'; Using compiler version '192829333'; Build Type 'Release'
OS: 'Windows 10  (10.0.19044) 64bit Professional' Language: 'en' Physical Memory: 15835 MB
BatchMode: 1, IsHumanControllingUs: 0, StartBugReporterOnCrash: 0, Is64bit: 1, IsPro: 1

COMMAND LINE ARGUMENTS:
C:\Program Files\Unity\Hub\Editor\2021.3.10f1\Editor\Unity.exe
-adb2
-batchMode
-noUpm
-name
AssetImportWorker3
-projectPath
C:/Users/Kadzahk/My project
-logFile
Logs/AssetImportWorker3.log
-srvPort
65359
Successfully changed project path to: C:/Users/Kadzahk/My project
C:/Users/Kadzahk/My project
[UnityMemory] Configuration Parameters - Can be set up in boot.config
    "memorysetup-bucket-allocator-granularity=16"
    "memorysetup-bucket-allocator-bucket-count=8"
    "memorysetup-bucket-allocator-block-size=33554432"
    "memorysetup-bucket-allocator-block-count=8"
    "memorysetup-main-allocator-block-size=16777216"
    "memorysetup-thread-allocator-block-size=16777216"
    "memorysetup-gfx-main-allocator-block-size=16777216"
    "memorysetup-gfx-thread-allocator-block-size=16777216"
    "memorysetup-cache-allocator-block-size=4194304"
    "memorysetup-typetree-allocator-block-size=2097152"
    "memorysetup-profiler-bucket-allocator-granularity=16"
    "memorysetup-profiler-bucket-allocator-bucket-count=8"
    "memorysetup-profiler-bucket-allocator-block-size=33554432"
    "memorysetup-profiler-bucket-allocator-block-count=8"
    "memorysetup-profiler-allocator-block-size=16777216"
    "memorysetup-profiler-editor-allocator-block-size=1048576"
    "memorysetup-temp-allocator-size-main=16777216"
    "memorysetup-job-temp-allocator-block-size=2097152"
    "memorysetup-job-temp-allocator-block-size-background=1048576"
    "memorysetup-job-temp-allocator-reduction-small-platforms=262144"
    "memorysetup-temp-allocator-size-background-worker=32768"
    "memorysetup-temp-allocator-size-job-worker=262144"
    "memorysetup-temp-allocator-size-preload-manager=33554432"
    "memorysetup-temp-allocator-size-nav-mesh-worker=65536"
    "memorysetup-temp-allocator-size-audio-worker=65536"
    "memorysetup-temp-allocator-size-cloud-worker=32768"
    "memorysetup-temp-allocator-size-gi-baking-worker=262144"
    "memorysetup-temp-allocator-size-gfx=262144"
Refreshing native plugins compatible for Editor in 133.07 ms, found 4 plugins.
Preloading 0 native plugins for Editor in 0.00 ms.
Initialize engine version: 2021.3.10f1 (1c7d0df0160b)
[Subsystems] Discovering subsystems at path C:/Program Files/Unity/Hub/Editor/2021.3.10f1/Editor/Data/Resources/UnitySubsystems
[Subsystems] Discovering subsystems at path C:/Users/Kadzahk/My project/Assets
GfxDevice: creating device client; threaded=0; jobified=0
Direct3D:
    Version:  Direct3D 11.0 [level 11.1]
    Renderer: NVIDIA GeForce GTX 1050 (ID=0x1c81)
    Vendor:   NVIDIA
    VRAM:     1977 MB
    Driver:   31.0.15.1694
Initialize mono
Mono path[0] = 'C:/Program Files/Unity/Hub/Editor/2021.3.10f1/Editor/Data/Managed'
Mono path[1] = 'C:/Program Files/Unity/Hub/Editor/2021.3.10f1/Editor/Data/MonoBleedingEdge/lib/mono/unityjit-win32'
Mono config path = 'C:/Program Files/Unity/Hub/Editor/2021.3.10f1/Editor/Data/MonoBleedingEdge/etc'
Using monoOptions --debugger-agent=transport=dt_socket,embedding=1,server=y,suspend=n,address=127.0.0.1:56768
Begin MonoManager ReloadAssembly
Registering precompiled unity dll's ...
Register platform support module: C:/Program Files/Unity/Hub/Editor/2021.3.10f1/Editor/Data/PlaybackEngines/WindowsStandaloneSupport/UnityEditor.WindowsStandalone.Extensions.dll
Registered in 0.009150 seconds.
Native extension for WindowsStandalone target not found
Refreshing native plugins compatible for Editor in 111.50 ms, found 4 plugins.
Preloading 0 native plugins for Editor in 0.00 ms.
Mono: successfully reloaded assembly
- Completed reload, in  0.727 seconds
Domain Reload Profiling:
	ReloadAssembly (728ms)
		BeginReloadAssembly (100ms)
			ExecutionOrderSort (0ms)
			DisableScriptedObjects (0ms)
			BackupInstance (0ms)
			ReleaseScriptingObjects (0ms)
			CreateAndSetChildDomain (1ms)
		EndReloadAssembly (506ms)
			LoadAssemblies (95ms)
			RebuildTransferFunctionScriptingTraits (0ms)
			SetupTypeCache (107ms)
			ReleaseScriptCaches (0ms)
			RebuildScriptCaches (36ms)
			SetupLoadedEditorAssemblies (310ms)
				LogAssemblyErrors (0ms)
				InitializePlatformSupportModulesInManaged (9ms)
				SetLoadedEditorAssemblies (0ms)
				RefreshPlugins (112ms)
				BeforeProcessingInitializeOnLoad (1ms)
				ProcessInitializeOnLoadAttributes (134ms)
				ProcessInitializeOnLoadMethodAttributes (54ms)
				AfterProcessingInitializeOnLoad (0ms)
				EditorAssembliesLoaded (0ms)
			ExecutionOrderSort2 (0ms)
			AwakeInstancesAfterBackupRestoration (0ms)
Platform modules already initialized, skipping
Registering precompiled user dll's ...
Registered in 0.009576 seconds.
Begin MonoManager ReloadAssembly
Symbol file LoadedFromMemory doesn't match image C:\Users\Kadzahk\My project\Library\PackageCache\com.unity.visualscripting@1.7.8\Editor\VisualScripting.Core\Dependencies\YamlDotNet\Unity.VisualScripting.YamlDotNet.dll
Symbol file LoadedFromMemory doesn't match image C:\Users\Kadzahk\My project\Library\PackageCache\com.unity.visualscripting@1.7.8\Editor\VisualScripting.Core\Dependencies\DotNetZip\Unity.VisualScripting.IonicZip.dll
Native extension for WindowsStandalone target not found
Refreshing native plugins compatible for Editor in 107.23 ms, found 4 plugins.
Preloading 0 native plugins for Editor in 0.00 ms.
Mono: successfully reloaded assembly
- Completed reload, in  1.243 seconds
Domain Reload Profiling:
	ReloadAssembly (1244ms)
		BeginReloadAssembly (130ms)
			ExecutionOrderSort (0ms)
			DisableScriptedObjects (5ms)
			BackupInstance (0ms)
			ReleaseScriptingObjects (0ms)
			CreateAndSetChildDomain (23ms)
		EndReloadAssembly (986ms)
			LoadAssemblies (95ms)
			RebuildTransferFunctionScriptingTraits (0ms)
			SetupTypeCache (256ms)
			ReleaseScriptCaches (1ms)
			RebuildScriptCaches (57ms)
			SetupLoadedEditorAssemblies (523ms)
				LogAssemblyErrors (0ms)
				InitializePlatformSupportModulesInManaged (6ms)
				SetLoadedEditorAssemblies (0ms)
				RefreshPlugins (107ms)
				BeforeProcessingInitializeOnLoad (117ms)
				ProcessInitializeOnLoadAttributes (235ms)
				ProcessInitializeOnLoadMethodAttributes (47ms)
				AfterProcessingInitializeOnLoad (10ms)
				EditorAssembliesLoaded (0ms)
			ExecutionOrderSort2 (0ms)
			AwakeInstancesAfterBackupRestoration (8ms)
Platform modules already initialized, skipping
========================================================================
Worker process is ready to serve import requests
Launched and connected shader compiler UnityShaderCompiler.exe after 0.05 seconds
Refreshing native plugins compatible for Editor in 0.99 ms, found 4 plugins.
Preloading 0 native plugins for Editor in 0.00 ms.
Unloading 4068 Unused Serialized files (Serialized files now loaded: 0)
Unloading 44 unused Assets / (229.4 KB). Loaded Objects now: 4518.
Memory consumption went from 151.3 MB to 151.1 MB.
Total: 3.585000 ms (FindLiveObjects: 0.460900 ms CreateObjectMapping: 0.115200 ms MarkObjects: 2.847000 ms  DeleteObjects: 0.160300 ms)

AssetImportParameters requested are different than current active one (requested -> active):
  custom:video-decoder-ogg-theora: a1e56fd34408186e4bbccfd4996cb3dc -> 
  custom:container-muxer-webm: aa71ff27fc2769a1b78a27578f13a17b -> 
  custom:container-demuxer-webm: 4f35f7cbe854078d1ac9338744f61a02 -> 
  custom:video-encoder-webm-vp8: eb34c28f22e8b96e1ab97ce403110664 -> 
  custom:audio-encoder-webm-vorbis: bf7c407c2cedff20999df2af8eb42d56 -> 
  custom:framework-win-MediaFoundation: 216162199b28c13a410421893ffa2e32 -> 
  custom:container-demuxer-ogg: 62fdf1f143b41e24485cea50d1cbac27 -> 
  custom:video-decoder-webm-vp8: 9c59270c3fd7afecdb556c50c9e8de78 -> 
  custom:audio-decoder-ogg-vorbis: bf7c407c2cedff20999df2af8eb42d56 -> 
========================================================================
Received Import Request.
  Time since last request: 103337.907299 seconds.
  path: Assets/Palette_0/tiles_spritesheet_0.asset
  artifactKey: Guid(8c3f251d725c9f8488e277864683a70c) Importer(815301076,1909f56bfc062723c751e8b465ee728b)
Start importing Assets/Palette_0/tiles_spritesheet_0.asset using Guid(8c3f251d725c9f8488e277864683a70c) Importer(815301076,1909f56bfc062723c751e8b465ee728b)  -> (artifact id: 'c398dab54e990fd7ee4acbd233b20d6f') in 0.237827 seconds 
========================================================================
Received Import Request.
  Time since last request: 0.000078 seconds.
  path: Assets/Palette_0/tiles_spritesheet_40.asset
  artifactKey: Guid(bb0f5f52100dd8a43be1bbd810cbc469) Importer(815301076,1909f56bfc062723c751e8b465ee728b)
Start importing Assets/Palette_0/tiles_spritesheet_40.asset using Guid(bb0f5f52100dd8a43be1bbd810cbc469) Importer(815301076,1909f56bfc062723c751e8b465ee728b)  -> (artifact id: '0f01f6aecfefc79d5385e6adf9927f5f') in 0.013092 seconds 
========================================================================
Received Import Request.
  Time since last request: 0.000030 seconds.
  path: Assets/Palette_0/tiles_spritesheet_35.asset
  artifactKey: Guid(b0bc3f41d7992c84499ad854d2d0aaaf) Importer(815301076,1909f56bfc062723c751e8b465ee728b)
Start importing Assets/Palette_0/tiles_spritesheet_35.asset using Guid(b0bc3f41d7992c84499ad854d2d0aaaf) Importer(815301076,1909f56bfc062723c751e8b465ee728b)  -> (artifact id: '548e07145462d7647aa5e9a1610d64e7') in 0.012672 seconds 
========================================================================
Received Import Request.
  Time since last request: 0.000032 seconds.
  path: Assets/Palette_0/tiles_spritesheet_46.asset
  artifactKey: Guid(451fde970cbedfc459f8dbe68cc7e9a2) Importer(815301076,1909f56bfc062723c751e8b465ee728b)
Start importing Assets/Palette_0/tiles_spritesheet_46.asset using Guid(451fde970cbedfc459f8dbe68cc7e9a2) Importer(815301076,1909f56bfc062723c751e8b465ee728b)  -> (artifact id: '096228d9a333fd77bd1b845142b3e9c7') in 0.010875 seconds 
========================================================================
Received Import Request.
  Time since last request: 0.000022 seconds.
  path: Assets/Palette_0/tiles_spritesheet_4.asset
  artifactKey: Guid(072f6c3340745f746831a027945b8408) Importer(815301076,1909f56bfc062723c751e8b465ee728b)
Start importing Assets/Palette_0/tiles_spritesheet_4.asset using Guid(072f6c3340745f746831a027945b8408) Importer(815301076,1909f56bfc062723c751e8b465ee728b)  -> (artifact id: '3f0df0836fe44b60a2519d5c0a463457') in 0.010184 seconds 
========================================================================
Received Import Request.
  Time since last request: 0.000025 seconds.
  path: Assets/Palette_0/tiles_spritesheet_19.asset
  artifactKey: Guid(ad2c82dfc343b2442a5b51e6d2eea3dd) Importer(815301076,1909f56bfc062723c751e8b465ee728b)
Start importing Assets/Palette_0/tiles_spritesheet_19.asset using Guid(ad2c82dfc343b2442a5b51e6d2eea3dd) Importer(815301076,1909f56bfc062723c751e8b465ee728b)  -> (artifact id: '19b75cf4f521564fe03584e3ab3db6eb') in 0.014320 seconds 
========================================================================
Received Import Request.
  Time since last request: 0.000028 seconds.
  path: Assets/Palette_0/tiles_spritesheet_24.asset
  artifactKey: Guid(37edc74ef3822a64e918498069a4b460) Importer(815301076,1909f56bfc062723c751e8b465ee728b)
Start importing Assets/Palette_0/tiles_spritesheet_24.asset using Guid(37edc74ef3822a64e918498069a4b460) Importer(815301076,1909f56bfc062723c751e8b465ee728b)  -> (artifact id: '366350867d216a3b43b8f4650ea87694') in 0.013644 seconds 
========================================================================
Received Import Request.
  Time since last request: 0.000023 seconds.
  path: Assets/Palette_0/tiles_spritesheet_31.asset
  artifactKey: Guid(f29d81c79bb8c1540b091f56d1c4631f) Importer(815301076,1909f56bfc062723c751e8b465ee728b)
Start importing Assets/Palette_0/tiles_spritesheet_31.asset using Guid(f29d81c79bb8c1540b091f56d1c4631f) Importer(815301076,1909f56bfc062723c751e8b465ee728b)  -> (artifact id: '3e37912d457eec98be54e7e6b15cc6cd') in 0.011666 seconds 
========================================================================
Received Import Request.
  Time since last request: 0.000031 seconds.
  path: Assets/Palette_0/tiles_spritesheet_47.asset
  artifactKey: Guid(e2c787c1dff092c449110c668b39f3f1) Importer(815301076,1909f56bfc062723c751e8b465ee728b)
Start importing Assets/Palette_0/tiles_spritesheet_47.asset using Guid(e2c787c1dff092c449110c668b39f3f1) Importer(815301076,1909f56bfc062723c751e8b465ee728b)  -> (artifact id: '968149a32f1fcd6bd75571f16513ea61') in 0.011300 seconds 
========================================================================
Received Import Request.
  Time since last request: 0.000024 seconds.
  path: Assets/Palette_0/tiles_spritesheet_15.asset
  artifactKey: Guid(5fd833d58cef1134ea9cbd099918d86c) Importer(815301076,1909f56bfc062723c751e8b465ee728b)
Start importing Assets/Palette_0/tiles_spritesheet_15.asset using Guid(5fd833d58cef1134ea9cbd099918d86c) Importer(815301076,1909f56bfc062723c751e8b465ee728b)  -> (artifact id: 'fb58ea629f8f840e25a39f82329cc1f6') in 0.012063 seconds 
========================================================================
Received Import Request.
  Time since last request: 0.000030 seconds.
  path: Assets/Palette_0/tiles_spritesheet_30.asset
  artifactKey: Guid(ade2d18e3f72a3041ac53539929ceb4f) Importer(815301076,1909f56bfc062723c751e8b465ee728b)
Start importing Assets/Palette_0/tiles_spritesheet_30.asset using Guid(ade2d18e3f72a3041ac53539929ceb4f) Importer(815301076,1909f56bfc062723c751e8b465ee728b)  -> (artifact id: '1c9cbb3bed5bcbca710cad52a83b47ad') in 0.011038 seconds 
========================================================================
Received Import Request.
  Time since last request: 0.000031 seconds.
  path: Assets/Palette_0/tiles_spritesheet_32.asset
  artifactKey: Guid(81cd0e50edbaa8b48a62d83145818848) Importer(815301076,1909f56bfc062723c751e8b465ee728b)
Start importing Assets/Palette_0/tiles_spritesheet_32.asset using Guid(81cd0e50edbaa8b48a62d83145818848) Importer(815301076,1909f56bfc062723c751e8b465ee728b)  -> (artifact id: '5bedff128ab7761374e14cf334fd28a0') in 0.014978 seconds 
========================================================================
Received Import Request.
  Time since last request: 0.000023 seconds.
  path: Assets/Palette_0/tiles_spritesheet_59.asset
  artifactKey: Guid(c98eec1d19e5828489eb6120fbce0708) Importer(815301076,1909f56bfc062723c751e8b465ee728b)
Start importing Assets/Palette_0/tiles_spritesheet_59.asset using Guid(c98eec1d19e5828489eb6120fbce0708) Importer(815301076,1909f56bfc062723c751e8b465ee728b)  -> (artifact id: '907abe19f44e398ee049a9cb283d4393') in 0.010727 seconds 
========================================================================
Received Import Request.
  Time since last request: 0.000038 seconds.
  path: Assets/Palette_0/tiles_spritesheet_23.asset
  artifactKey: Guid(bca7c90db2532bb46b89d2bc69321301) Importer(815301076,1909f56bfc062723c751e8b465ee728b)
Start importing Assets/Palette_0/tiles_spritesheet_23.asset using Guid(bca7c90db2532bb46b89d2bc69321301) Importer(815301076,1909f56bfc062723c751e8b465ee728b)  -> (artifact id: '8e3ea684fc9b3b796334e5d145cc20d7') in 0.012341 seconds 
========================================================================
Received Import Request.
  Time since last request: 0.000045 seconds.
  path: Assets/Palette_0/tiles_spritesheet_25.asset
  artifactKey: Guid(92cb05b9ac5df2841b07c64dc3910535) Importer(815301076,1909f56bfc062723c751e8b465ee728b)
Start importing Assets/Palette_0/tiles_spritesheet_25.asset using Guid(92cb05b9ac5df2841b07c64dc3910535) Importer(815301076,1909f56bfc062723c751e8b465ee728b)  -> (artifact id: '69a8999bbb99d7059e329e06804dfebb') in 0.011235 seconds 
========================================================================
Received Import Request.
  Time since last request: 0.000025 seconds.
  path: Assets/Palette_0/tiles_spritesheet_57.asset
  artifactKey: Guid(88c4604ca05c63c49b5fa298d3e36efd) Importer(815301076,1909f56bfc062723c751e8b465ee728b)
Start importing Assets/Palette_0/tiles_spritesheet_57.asset using Guid(88c4604ca05c63c49b5fa298d3e36efd) Importer(815301076,1909f56bfc062723c751e8b465ee728b)  -> (artifact id: '74956837d76b6a1ea13366a6f6c10620') in 0.010287 seconds 
========================================================================
Received Import Request.
  Time since last request: 0.000023 seconds.
  path: Assets/Palette_0/tiles_spritesheet_14.asset
  artifactKey: Guid(4ef37585f5b1c6b4abdbc0a2f29d4812) Importer(815301076,1909f56bfc062723c751e8b465ee728b)
Start importing Assets/Palette_0/tiles_spritesheet_14.asset using Guid(4ef37585f5b1c6b4abdbc0a2f29d4812) Importer(815301076,1909f56bfc062723c751e8b465ee728b)  -> (artifact id: '47e97b0aa1ba5777b2b8f9d214c36d0f') in 0.012439 seconds 
========================================================================
Received Import Request.
  Time since last request: 0.000024 seconds.
  path: Assets/Palette_0/tiles_spritesheet_11.asset
  artifactKey: Guid(e025df62fd05d3a43aea40817c8a2d5e) Importer(815301076,1909f56bfc062723c751e8b465ee728b)
Start importing Assets/Palette_0/tiles_spritesheet_11.asset using Guid(e025df62fd05d3a43aea40817c8a2d5e) Importer(815301076,1909f56bfc062723c751e8b465ee728b)  -> (artifact id: '6605f92f464e4bf7220ba6693775c261') in 0.011583 seconds 
========================================================================
Received Import Request.
  Time since last request: 0.000024 seconds.
  path: Assets/Palette_0/tiles_spritesheet_60.asset
  artifactKey: Guid(095a5f45f28584c4d83c9dbf8553c77d) Importer(815301076,1909f56bfc062723c751e8b465ee728b)
Start importing Assets/Palette_0/tiles_spritesheet_60.asset using Guid(095a5f45f28584c4d83c9dbf8553c77d) Importer(815301076,1909f56bfc062723c751e8b465ee728b)  -> (artifact id: 'bcd607c013ef115e050c504666fefc4c') in 0.011209 seconds 
========================================================================
Received Import Request.
  Time since last request: 0.000031 seconds.
  path: Assets/Palette_0/tiles_spritesheet_8.asset
  artifactKey: Guid(719f1e6045ac6ef4f929ea8196c0dcc6) Importer(815301076,1909f56bfc062723c751e8b465ee728b)
Start importing Assets/Palette_0/tiles_spritesheet_8.asset using Guid(719f1e6045ac6ef4f929ea8196c0dcc6) Importer(815301076,1909f56bfc062723c751e8b465ee728b)  -> (artifact id: '658d9198c3501f4bacf0970b265d407c') in 0.012679 seconds 
========================================================================
Received Import Request.
  Time since last request: 0.000022 seconds.
  path: Assets/Palette_0/tiles_spritesheet_26.asset
  artifactKey: Guid(8252ed39fa4d7ee4d8780d1a1faab703) Importer(815301076,1909f56bfc062723c751e8b465ee728b)
Start importing Assets/Palette_0/tiles_spritesheet_26.asset using Guid(8252ed39fa4d7ee4d8780d1a1faab703) Importer(815301076,1909f56bfc062723c751e8b465ee728b)  -> (artifact id: 'a0368ed155d484932a6f80f2e2d78dd0') in 0.011544 seconds 
========================================================================
Received Import Request.
  Time since last request: 0.000025 seconds.
  path: Assets/Palette_0/tiles_spritesheet_20.asset
  artifactKey: Guid(89f40bb16c69f284bac815b23f9031cc) Importer(815301076,1909f56bfc062723c751e8b465ee728b)
Start importing Assets/Palette_0/tiles_spritesheet_20.asset using Guid(89f40bb16c69f284bac815b23f9031cc) Importer(815301076,1909f56bfc062723c751e8b465ee728b)  -> (artifact id: '15d22c20edaf1baaf2fa5b3309c9a03f') in 0.012202 seconds 
========================================================================
Received Import Request.
  Time since last request: 0.000033 seconds.
  path: Assets/Palette_0/tiles_spritesheet_37.asset
  artifactKey: Guid(95952f2c7ac679b45b51b30851984b6c) Importer(815301076,1909f56bfc062723c751e8b465ee728b)
Start importing Assets/Palette_0/tiles_spritesheet_37.asset using Guid(95952f2c7ac679b45b51b30851984b6c) Importer(815301076,1909f56bfc062723c751e8b465ee728b)  -> (artifact id: 'b3a060594b0d894683abd27be531b5c6') in 0.010643 seconds 
========================================================================
Received Import Request.
  Time since last request: 0.000026 seconds.
  path: Assets/Palette_0/tiles_spritesheet_51.asset
  artifactKey: Guid(4efc598ffdafdd54299a10aa1df5b396) Importer(815301076,1909f56bfc062723c751e8b465ee728b)
Start importing Assets/Palette_0/tiles_spritesheet_51.asset using Guid(4efc598ffdafdd54299a10aa1df5b396) Importer(815301076,1909f56bfc062723c751e8b465ee728b)  -> (artifact id: '267add9b2022d024e993d6dc40d3013f') in 0.011741 seconds 
========================================================================
Received Import Request.
  Time since last request: 0.000026 seconds.
  path: Assets/Palette_0/tiles_spritesheet_48.asset
  artifactKey: Guid(dd0119db4451f1e42809e41976587bb0) Importer(815301076,1909f56bfc062723c751e8b465ee728b)
Start importing Assets/Palette_0/tiles_spritesheet_48.asset using Guid(dd0119db4451f1e42809e41976587bb0) Importer(815301076,1909f56bfc062723c751e8b465ee728b)  -> (artifact id: '04582770a6594d39779e6317b4b4bf7e') in 0.012365 seconds 
========================================================================
Received Import Request.
  Time since last request: 0.000027 seconds.
  path: Assets/Palette_0/tiles_spritesheet_17.asset
  artifactKey: Guid(9e6f1f28b95266a4f828a9e39d1c48b0) Importer(815301076,1909f56bfc062723c751e8b465ee728b)
Start importing Assets/Palette_0/tiles_spritesheet_17.asset using Guid(9e6f1f28b95266a4f828a9e39d1c48b0) Importer(815301076,1909f56bfc062723c751e8b465ee728b)  -> (artifact id: '2cad9228e799dce5907207f26cb8a8ac') in 0.012221 seconds 
========================================================================
Received Import Request.
  Time since last request: 0.000031 seconds.
  path: Assets/Palette_0/tiles_spritesheet_54.asset
  artifactKey: Guid(432f1618aec809e4c84e4f91ea64c644) Importer(815301076,1909f56bfc062723c751e8b465ee728b)
Start importing Assets/Palette_0/tiles_spritesheet_54.asset using Guid(432f1618aec809e4c84e4f91ea64c644) Importer(815301076,1909f56bfc062723c751e8b465ee728b)  -> (artifact id: '54abd104bd93a5da1ea5f49c3b044065') in 0.012107 seconds 
========================================================================
Received Import Request.
  Time since last request: 0.000034 seconds.
  path: Assets/Palette_0/tiles_spritesheet_29.asset
  artifactKey: Guid(d7645aa279681a341a8d8561c3bbfb74) Importer(815301076,1909f56bfc062723c751e8b465ee728b)
Start importing Assets/Palette_0/tiles_spritesheet_29.asset using Guid(d7645aa279681a341a8d8561c3bbfb74) Importer(815301076,1909f56bfc062723c751e8b465ee728b)  -> (artifact id: '6f39c2311a47d7d18061ba7726926824') in 0.011195 seconds 
